<?xml version="1.0" encoding="UTF-8"?>
<!-- Generated by org.testng.reporters.JUnitXMLReporter -->
<testsuite ignored="0" hostname="BLLCHETHANV" failures="0" tests="75" name="Default test" time="4.817" errors="0" timestamp="2024-03-12T15:44:52 IST">
  <testcase classname="com.Getapcs.Trans.TEST.SecondaryMaster" name="@BeforeTest setUp" time="4.065">
    <failure type="org.openqa.selenium.NoSuchElementException" message="Unable to find element with locator By.xpath: (//input[@placeholder=&amp;apos;Email&amp;apos;])[1]
For documentation on this error, please visit: https://www.selenium.dev/documentation/webdriver/troubleshooting/errors#no-such-element-exception
Build info: version: &amp;apos;4.16.1&amp;apos;, revision: &amp;apos;9b4c83354e&amp;apos;
System info: os.name: &amp;apos;Windows 10&amp;apos;, os.arch: &amp;apos;amd64&amp;apos;, os.version: &amp;apos;10.0&amp;apos;, java.version: &amp;apos;17.0.8.1&amp;apos;
Driver info: driver.version: RemoteWebDriver">
      <![CDATA[org.openqa.selenium.NoSuchElementException: Unable to find element with locator By.xpath: (//input[@placeholder='Email'])[1]
For documentation on this error, please visit: https://www.selenium.dev/documentation/webdriver/troubleshooting/errors#no-such-element-exception
Build info: version: '4.16.1', revision: '9b4c83354e'
System info: os.name: 'Windows 10', os.arch: 'amd64', os.version: '10.0', java.version: '17.0.8.1'
Driver info: driver.version: RemoteWebDriver
at org.openqa.selenium.remote.ElementLocation$ElementFinder$2.findElement(ElementLocation.java:168)
at org.openqa.selenium.remote.ElementLocation.findElement(ElementLocation.java:59)
at org.openqa.selenium.remote.RemoteWebDriver.findElement(RemoteWebDriver.java:360)
at org.openqa.selenium.remote.RemoteWebDriver.findElement(RemoteWebDriver.java:354)
at org.openqa.selenium.support.pagefactory.DefaultElementLocator.findElement(DefaultElementLocator.java:68)
at org.openqa.selenium.support.pagefactory.internal.LocatingElementHandler.invoke(LocatingElementHandler.java:38)
at jdk.proxy2/jdk.proxy2.$Proxy16.clear(Unknown Source)
at com.Getapcs.Trans.HomeLogin.LoginPage.login(LoginPage.java:53)
at com.Getapcs.Trans.TEST.SecondaryMaster.setUp(SecondaryMaster.java:167)
at java.base/jdk.internal.reflect.NativeMethodAccessorImpl.invoke0(Native Method)
at java.base/jdk.internal.reflect.NativeMethodAccessorImpl.invoke(NativeMethodAccessorImpl.java:77)
at java.base/jdk.internal.reflect.DelegatingMethodAccessorImpl.invoke(DelegatingMethodAccessorImpl.java:43)
at java.base/java.lang.reflect.Method.invoke(Method.java:568)
at org.testng.internal.invokers.MethodInvocationHelper.invokeMethod(MethodInvocationHelper.java:139)
at org.testng.internal.invokers.MethodInvocationHelper.invokeMethodConsideringTimeout(MethodInvocationHelper.java:69)
at org.testng.internal.invokers.ConfigInvoker.invokeConfigurationMethod(ConfigInvoker.java:393)
at org.testng.internal.invokers.ConfigInvoker.invokeConfigurations(ConfigInvoker.java:326)
at org.testng.TestRunner.invokeTestConfigurations(TestRunner.java:661)
at org.testng.TestRunner.beforeRun(TestRunner.java:650)
at org.testng.TestRunner.run(TestRunner.java:612)
at org.testng.SuiteRunner.runTest(SuiteRunner.java:443)
at org.testng.SuiteRunner.runSequentially(SuiteRunner.java:437)
at org.testng.SuiteRunner.privateRun(SuiteRunner.java:397)
at org.testng.SuiteRunner.run(SuiteRunner.java:336)
at org.testng.SuiteRunnerWorker.runSuite(SuiteRunnerWorker.java:52)
at org.testng.SuiteRunnerWorker.run(SuiteRunnerWorker.java:95)
at org.testng.TestNG.runSuitesSequentially(TestNG.java:1301)
at org.testng.TestNG.runSuitesLocally(TestNG.java:1228)
at org.testng.TestNG.runSuites(TestNG.java:1134)
at org.testng.TestNG.run(TestNG.java:1101)
at org.testng.remote.AbstractRemoteTestNG.run(AbstractRemoteTestNG.java:115)
at org.testng.remote.RemoteTestNG.initAndRun(RemoteTestNG.java:251)
at org.testng.remote.RemoteTestNG.main(RemoteTestNG.java:77)
]]>
    </failure>
  </testcase> <!-- @BeforeTest setUp -->
  <testcase classname="com.Getapcs.Trans.TEST.SecondaryMaster" name="@AfterTest tearDown" time="0.0">
    <skipped/>
  </testcase> <!-- @AfterTest tearDown -->
  <testcase classname="com.Getapcs.Trans.TEST.SecondaryMaster" name="verifycostCenter" time="0.0">
    <skipped/>
  </testcase> <!-- verifycostCenter -->
  <testcase classname="com.Getapcs.Trans.TEST.SecondaryMaster" name="verifycostCenterEdit" time="0.0">
    <skipped/>
  </testcase> <!-- verifycostCenterEdit -->
  <testcase classname="com.Getapcs.Trans.TEST.SecondaryMaster" name="verifyCostingMethod" time="0.0">
    <skipped/>
  </testcase> <!-- verifyCostingMethod -->
  <testcase classname="com.Getapcs.Trans.TEST.SecondaryMaster" name="verifyCostingMethodEdit" time="0.0">
    <skipped/>
  </testcase> <!-- verifyCostingMethodEdit -->
  <testcase classname="com.Getapcs.Trans.TEST.SecondaryMaster" name="verifyCustomerCategoryCreate" time="0.0">
    <skipped/>
  </testcase> <!-- verifyCustomerCategoryCreate -->
  <testcase classname="com.Getapcs.Trans.TEST.SecondaryMaster" name="verifyCustomerCategoryEdit" time="0.0">
    <skipped/>
  </testcase> <!-- verifyCustomerCategoryEdit -->
  <testcase classname="com.Getapcs.Trans.TEST.SecondaryMaster" name="verifyCustomerTypeCreate" time="0.0">
    <skipped/>
  </testcase> <!-- verifyCustomerTypeCreate -->
  <testcase classname="com.Getapcs.Trans.TEST.SecondaryMaster" name="verifyCustomerTypeEdit" time="0.0">
    <skipped/>
  </testcase> <!-- verifyCustomerTypeEdit -->
  <testcase classname="com.Getapcs.Trans.TEST.SecondaryMaster" name="verifyDeliveryTermsCreate" time="0.0">
    <skipped/>
  </testcase> <!-- verifyDeliveryTermsCreate -->
  <testcase classname="com.Getapcs.Trans.TEST.SecondaryMaster" name="verifyDeliveryTermsEdit" time="0.0">
    <skipped/>
  </testcase> <!-- verifyDeliveryTermsEdit -->
  <testcase classname="com.Getapcs.Trans.TEST.SecondaryMaster" name="verifyDepartmentCreate" time="0.0">
    <skipped/>
  </testcase> <!-- verifyDepartmentCreate -->
  <testcase classname="com.Getapcs.Trans.TEST.SecondaryMaster" name="verifyDepartmentEdit" time="0.0">
    <skipped/>
  </testcase> <!-- verifyDepartmentEdit -->
  <testcase classname="com.Getapcs.Trans.TEST.SecondaryMaster" name="verifyExportUnitTypeCreate" time="0.0">
    <skipped/>
  </testcase> <!-- verifyExportUnitTypeCreate -->
  <testcase classname="com.Getapcs.Trans.TEST.SecondaryMaster" name="verifyExportUnitTypeEdit" time="0.002">
    <skipped/>
  </testcase> <!-- verifyExportUnitTypeEdit -->
  <testcase classname="com.Getapcs.Trans.TEST.SecondaryMaster" name="verifyGSTPercentageCreate" time="0.0">
    <skipped/>
  </testcase> <!-- verifyGSTPercentageCreate -->
  <testcase classname="com.Getapcs.Trans.TEST.SecondaryMaster" name="verifyGSTPercentageEdit" time="0.0">
    <skipped/>
  </testcase> <!-- verifyGSTPercentageEdit -->
  <testcase classname="com.Getapcs.Trans.TEST.SecondaryMaster" name="verifyIncoTermsCreate" time="0.0">
    <skipped/>
  </testcase> <!-- verifyIncoTermsCreate -->
  <testcase classname="com.Getapcs.Trans.TEST.SecondaryMaster" name="verifyIncoTermsEdit" time="0.0">
    <skipped/>
  </testcase> <!-- verifyIncoTermsEdit -->
  <testcase classname="com.Getapcs.Trans.TEST.SecondaryMaster" name="verifyIssuingStockCreate" time="0.0">
    <skipped/>
  </testcase> <!-- verifyIssuingStockCreate -->
  <testcase classname="com.Getapcs.Trans.TEST.SecondaryMaster" name="verifyIssuingStockEdit" time="0.001">
    <skipped/>
  </testcase> <!-- verifyIssuingStockEdit -->
  <testcase classname="com.Getapcs.Trans.TEST.SecondaryMaster" name="verifyLanguageCreate" time="0.0">
    <skipped/>
  </testcase> <!-- verifyLanguageCreate -->
  <testcase classname="com.Getapcs.Trans.TEST.SecondaryMaster" name="verifyLanguageEdit" time="0.0">
    <skipped/>
  </testcase> <!-- verifyLanguageEdit -->
  <testcase classname="com.Getapcs.Trans.TEST.SecondaryMaster" name="verifyLeadTimesCreate" time="0.0">
    <skipped/>
  </testcase> <!-- verifyLeadTimesCreate -->
  <testcase classname="com.Getapcs.Trans.TEST.SecondaryMaster" name="verifyLeadTimesEdit" time="0.0">
    <skipped/>
  </testcase> <!-- verifyLeadTimesEdit -->
  <testcase classname="com.Getapcs.Trans.TEST.SecondaryMaster" name="verifyLovcationCreate" time="0.0">
    <skipped/>
  </testcase> <!-- verifyLovcationCreate -->
  <testcase classname="com.Getapcs.Trans.TEST.SecondaryMaster" name="verifyLovcationEdit" time="0.0">
    <skipped/>
  </testcase> <!-- verifyLovcationEdit -->
  <testcase classname="com.Getapcs.Trans.TEST.SecondaryMaster" name="verifyMaterialTypeCreate" time="0.0">
    <skipped/>
  </testcase> <!-- verifyMaterialTypeCreate -->
  <testcase classname="com.Getapcs.Trans.TEST.SecondaryMaster" name="verifyMaterialTypeEdit" time="0.0">
    <skipped/>
  </testcase> <!-- verifyMaterialTypeEdit -->
  <testcase classname="com.Getapcs.Trans.TEST.SecondaryMaster" name="verifyNatureOfRelationshipCreate" time="0.0">
    <skipped/>
  </testcase> <!-- verifyNatureOfRelationshipCreate -->
  <testcase classname="com.Getapcs.Trans.TEST.SecondaryMaster" name="verifyNatureOfRelationshipEdit" time="0.0">
    <skipped/>
  </testcase> <!-- verifyNatureOfRelationshipEdit -->
  <testcase classname="com.Getapcs.Trans.TEST.SecondaryMaster" name="verifyOrderTypeMasterCreate" time="0.001">
    <skipped/>
  </testcase> <!-- verifyOrderTypeMasterCreate -->
  <testcase classname="com.Getapcs.Trans.TEST.SecondaryMaster" name="verifyOrderTypeMasterEdit" time="0.0">
    <skipped/>
  </testcase> <!-- verifyOrderTypeMasterEdit -->
  <testcase classname="com.Getapcs.Trans.TEST.SecondaryMaster" name="verifyPackingInstructionsCreate" time="0.0">
    <skipped/>
  </testcase> <!-- verifyPackingInstructionsCreate -->
  <testcase classname="com.Getapcs.Trans.TEST.SecondaryMaster" name="verifyPackingInstructionsEdit" time="0.0">
    <skipped/>
  </testcase> <!-- verifyPackingInstructionsEdit -->
  <testcase classname="com.Getapcs.Trans.TEST.SecondaryMaster" name="verifyPartTypeCreate" time="0.0">
    <skipped/>
  </testcase> <!-- verifyPartTypeCreate -->
  <testcase classname="com.Getapcs.Trans.TEST.SecondaryMaster" name="verifyPayment_TermCreate" time="0.0">
    <skipped/>
  </testcase> <!-- verifyPayment_TermCreate -->
  <testcase classname="com.Getapcs.Trans.TEST.SecondaryMaster" name="verifyPayment_TermEdit" time="0.0">
    <skipped/>
  </testcase> <!-- verifyPayment_TermEdit -->
  <testcase classname="com.Getapcs.Trans.TEST.SecondaryMaster" name="verifyPreferred_Freight_ForwarderCreate" time="0.0">
    <skipped/>
  </testcase> <!-- verifyPreferred_Freight_ForwarderCreate -->
  <testcase classname="com.Getapcs.Trans.TEST.SecondaryMaster" name="verifyPreferred_Freight_ForwarderEdit" time="0.0">
    <skipped/>
  </testcase> <!-- verifyPreferred_Freight_ForwarderEdit -->
  <testcase classname="com.Getapcs.Trans.TEST.SecondaryMaster" name="verifyPrice_ListCreate" time="0.0">
    <skipped/>
  </testcase> <!-- verifyPrice_ListCreate -->
  <testcase classname="com.Getapcs.Trans.TEST.SecondaryMaster" name="verifyPrice_ListEdit" time="0.0">
    <skipped/>
  </testcase> <!-- verifyPrice_ListEdit -->
  <testcase classname="com.Getapcs.Trans.TEST.SecondaryMaster" name="verifyProcurement_TypeCreate" time="0.0">
    <skipped/>
  </testcase> <!-- verifyProcurement_TypeCreate -->
  <testcase classname="com.Getapcs.Trans.TEST.SecondaryMaster" name="verifyProcurement_TypeEdit" time="0.0">
    <skipped/>
  </testcase> <!-- verifyProcurement_TypeEdit -->
  <testcase classname="com.Getapcs.Trans.TEST.SecondaryMaster" name="verifyPurchase_GroupCreate" time="0.0">
    <skipped/>
  </testcase> <!-- verifyPurchase_GroupCreate -->
  <testcase classname="com.Getapcs.Trans.TEST.SecondaryMaster" name="verifyPurchase_GroupEdit" time="0.001">
    <skipped/>
  </testcase> <!-- verifyPurchase_GroupEdit -->
  <testcase classname="com.Getapcs.Trans.TEST.SecondaryMaster" name="verifyQuoteTermsCreate" time="0.001">
    <skipped/>
  </testcase> <!-- verifyQuoteTermsCreate -->
  <testcase classname="com.Getapcs.Trans.TEST.SecondaryMaster" name="verifyQuoteTermsEdit" time="0.0">
    <skipped/>
  </testcase> <!-- verifyQuoteTermsEdit -->
  <testcase classname="com.Getapcs.Trans.TEST.SecondaryMaster" name="verifyRiskCategoryCreate" time="0.0">
    <skipped/>
  </testcase> <!-- verifyRiskCategoryCreate -->
  <testcase classname="com.Getapcs.Trans.TEST.SecondaryMaster" name="verifyRiskCategoryEdit" time="0.0">
    <skipped/>
  </testcase> <!-- verifyRiskCategoryEdit -->
  <testcase classname="com.Getapcs.Trans.TEST.SecondaryMaster" name="verifySalutationsCreate" time="0.0">
    <skipped/>
  </testcase> <!-- verifySalutationsCreate -->
  <testcase classname="com.Getapcs.Trans.TEST.SecondaryMaster" name="verifySalutationsEdit" time="0.0">
    <skipped/>
  </testcase> <!-- verifySalutationsEdit -->
  <testcase classname="com.Getapcs.Trans.TEST.SecondaryMaster" name="verifyScopeOfSupplyCreate" time="0.0">
    <skipped/>
  </testcase> <!-- verifyScopeOfSupplyCreate -->
  <testcase classname="com.Getapcs.Trans.TEST.SecondaryMaster" name="verifyScopeOfSupplyEdit" time="0.001">
    <skipped/>
  </testcase> <!-- verifyScopeOfSupplyEdit -->
  <testcase classname="com.Getapcs.Trans.TEST.SecondaryMaster" name="verifySegmentCreate" time="0.0">
    <skipped/>
  </testcase> <!-- verifySegmentCreate -->
  <testcase classname="com.Getapcs.Trans.TEST.SecondaryMaster" name="verifySegmentEdit" time="0.0">
    <skipped/>
  </testcase> <!-- verifySegmentEdit -->
  <testcase classname="com.Getapcs.Trans.TEST.SecondaryMaster" name="verifyShipmentInstructionsCreate" time="0.001">
    <skipped/>
  </testcase> <!-- verifyShipmentInstructionsCreate -->
  <testcase classname="com.Getapcs.Trans.TEST.SecondaryMaster" name="verifyShipmentInstructionsEdit" time="0.0">
    <skipped/>
  </testcase> <!-- verifyShipmentInstructionsEdit -->
  <testcase classname="com.Getapcs.Trans.TEST.SecondaryMaster" name="verifyShipmentModeCreate" time="0.0">
    <skipped/>
  </testcase> <!-- verifyShipmentModeCreate -->
  <testcase classname="com.Getapcs.Trans.TEST.SecondaryMaster" name="verifyShipmentModeEdit" time="0.0">
    <skipped/>
  </testcase> <!-- verifyShipmentModeEdit -->
  <testcase classname="com.Getapcs.Trans.TEST.SecondaryMaster" name="verifyTypeOfCompanyCreate" time="0.001">
    <skipped/>
  </testcase> <!-- verifyTypeOfCompanyCreate -->
  <testcase classname="com.Getapcs.Trans.TEST.SecondaryMaster" name="verifyTypeOfCompanyEdit" time="0.0">
    <skipped/>
  </testcase> <!-- verifyTypeOfCompanyEdit -->
  <testcase classname="com.Getapcs.Trans.TEST.SecondaryMaster" name="verifyTypeOfSolutionCreate" time="0.001">
    <skipped/>
  </testcase> <!-- verifyTypeOfSolutionCreate -->
  <testcase classname="com.Getapcs.Trans.TEST.SecondaryMaster" name="verifyTypeOfSolutionEdit" time="0.0">
    <skipped/>
  </testcase> <!-- verifyTypeOfSolutionEdit -->
  <testcase classname="com.Getapcs.Trans.TEST.SecondaryMaster" name="verifyUOCCreate" time="0.0">
    <skipped/>
  </testcase> <!-- verifyUOCCreate -->
  <testcase classname="com.Getapcs.Trans.TEST.SecondaryMaster" name="verifyUOCEdit" time="0.0">
    <skipped/>
  </testcase> <!-- verifyUOCEdit -->
  <testcase classname="com.Getapcs.Trans.TEST.SecondaryMaster" name="verifyUOMCreate" time="0.0">
    <skipped/>
  </testcase> <!-- verifyUOMCreate -->
  <testcase classname="com.Getapcs.Trans.TEST.SecondaryMaster" name="verifyUOMEdit" time="0.0">
    <skipped/>
  </testcase> <!-- verifyUOMEdit -->
  <testcase classname="com.Getapcs.Trans.TEST.SecondaryMaster" name="verifyVenderCategoryCreate" time="0.0">
    <skipped/>
  </testcase> <!-- verifyVenderCategoryCreate -->
  <testcase classname="com.Getapcs.Trans.TEST.SecondaryMaster" name="verifyVenderCategoryEdit" time="0.0">
    <skipped/>
  </testcase> <!-- verifyVenderCategoryEdit -->
  <testcase classname="com.Getapcs.Trans.TEST.SecondaryMaster" name="verifyVenderTypeCreate" time="0.0">
    <skipped/>
  </testcase> <!-- verifyVenderTypeCreate -->
  <testcase classname="com.Getapcs.Trans.TEST.SecondaryMaster" name="verifyVenderTypeEdit" time="0.0">
    <skipped/>
  </testcase> <!-- verifyVenderTypeEdit -->
  <testcase classname="com.Getapcs.Trans.TEST.SecondaryMaster" name="verifyWareHouseCreate" time="0.0">
    <skipped/>
  </testcase> <!-- verifyWareHouseCreate -->
  <testcase classname="com.Getapcs.Trans.TEST.SecondaryMaster" name="verifyWareHouseEdit" time="0.001">
    <skipped/>
  </testcase> <!-- verifyWareHouseEdit -->
  <testcase classname="com.Getapcs.Trans.TEST.SecondaryMaster" name="verifyNumberOFRoomEdit" time="0.0">
    <skipped/>
  </testcase> <!-- verifyNumberOFRoomEdit -->
  <testcase classname="com.Getapcs.Trans.TEST.SecondaryMaster" name="verifyNumberOFRoomCreate" time="0.0">
    <skipped/>
  </testcase> <!-- verifyNumberOFRoomCreate -->
</testsuite> <!-- Default test -->
