<?xml version="1.0" encoding="UTF-8"?>
<testng-results ignored="0" total="1" passed="1" failed="0" skipped="0">
  <reporter-output>
  </reporter-output>
  <suite started-at="2024-02-06T16:14:44 IST" name="Default suite" finished-at="2024-02-06T16:15:11 IST" duration-ms="26345">
    <groups>
    </groups>
    <test started-at="2024-02-06T16:14:44 IST" name="Default test" finished-at="2024-02-06T16:15:11 IST" duration-ms="26345">
      <class name="com.Getapcs.Trans.TEST.TEST_Create">
        <test-method is-config="true" signature="setUp()[pri:0, instance:com.Getapcs.Trans.TEST.TEST_Create@46944ca9]" started-at="2024-02-06T16:14:44 IST" name="setUp" finished-at="2024-02-06T16:15:00 IST" duration-ms="16194" status="PASS">
          <reporter-output>
          </reporter-output>
        </test-method> <!-- setUp -->
        <test-method signature="verifySalesRFQEdit()[pri:7, instance:com.Getapcs.Trans.TEST.TEST_Create@46944ca9]" started-at="2024-02-06T16:15:00 IST" name="verifySalesRFQEdit" finished-at="2024-02-06T16:15:10 IST" duration-ms="9565" status="PASS">
          <reporter-output>
          </reporter-output>
        </test-method> <!-- verifySalesRFQEdit -->
        <test-method is-config="true" signature="afterTest()[pri:0, instance:com.Getapcs.Trans.TEST.TEST_Create@46944ca9]" started-at="2024-02-06T16:15:10 IST" name="afterTest" finished-at="2024-02-06T16:15:11 IST" duration-ms="511" status="PASS">
          <reporter-output>
          </reporter-output>
        </test-method> <!-- afterTest -->
      </class> <!-- com.Getapcs.Trans.TEST.TEST_Create -->
    </test> <!-- Default test -->
  </suite> <!-- Default suite -->
</testng-results>
